<?xml version="1.0" encoding="UTF-8"?>
<!-- Generated by org.testng.reporters.JUnitXMLReporter -->
<testsuite ignored="0" hostname="CILPLAP00068" failures="0" tests="1" name="edgetest" time="1.082" errors="0" timestamp="2024-12-14T18:32:58 IST">
  <testcase classname="testbase.BaseClass" name="@BeforeClass SetUp" time="1.006">
    <failure type="org.openqa.selenium.SessionNotCreatedException" message="Could not start a new session. Error while creating session with the driver service. Unable to obtain: chromedriver, error Command failed with code: 65, executed: [--browser, , --language-binding, java, --output, json]
You need to specify a browser or driver
Build info: version: &amp;apos;4.27.0&amp;apos;, revision: &amp;apos;d6e718d&amp;apos;
System info: os.name: &amp;apos;Windows 10&amp;apos;, os.arch: &amp;apos;amd64&amp;apos;, os.version: &amp;apos;10.0&amp;apos;, java.version: &amp;apos;17.0.12&amp;apos;
Driver info: driver.version: unknown 
Host info: host: &amp;apos;CILPLAP00068&amp;apos;, ip: &amp;apos;172.23.32.1&amp;apos;
Build info: version: &amp;apos;4.27.0&amp;apos;, revision: &amp;apos;d6e718d&amp;apos;
System info: os.name: &amp;apos;Windows 10&amp;apos;, os.arch: &amp;apos;amd64&amp;apos;, os.version: &amp;apos;10.0&amp;apos;, java.version: &amp;apos;17.0.12&amp;apos;
Driver info: driver.version: unknown
Build info: version: &amp;apos;3.141.59&amp;apos;, revision: &amp;apos;e82be7d358&amp;apos;, time: &amp;apos;2018-11-14T08:17:03&amp;apos;
System info: host: &amp;apos;CILPLAP00068&amp;apos;, ip: &amp;apos;172.23.32.1&amp;apos;, os.name: &amp;apos;Windows 10&amp;apos;, os.arch: &amp;apos;amd64&amp;apos;, os.version: &amp;apos;10.0&amp;apos;, java.version: &amp;apos;17.0.9&amp;apos;
Driver info: driver.version: RemoteWebDriver
remote stacktrace: [{fileName=DriverServiceSessionFactory.java, moduleVersion=null, nativeMethod=false, moduleName=null, methodName=apply, className=org.openqa.selenium.grid.node.config.DriverServiceSessionFactory, lineNumber=240, classLoaderName=app}, {fileName=DriverServiceSessionFactory.java, moduleVersion=null, nativeMethod=false, moduleName=null, methodName=apply, className=org.openqa.selenium.grid.node.config.DriverServiceSessionFactory, lineNumber=71, classLoaderName=app}, {fileName=SessionSlot.java, moduleVersion=null, nativeMethod=false, moduleName=null, methodName=apply, className=org.openqa.selenium.grid.node.local.SessionSlot, lineNumber=151, classLoaderName=app}, {fileName=LocalNode.java, moduleVersion=null, nativeMethod=false, moduleName=null, methodName=newSession, className=org.openqa.selenium.grid.node.local.LocalNode, lineNumber=503, classLoaderName=app}, {fileName=LocalDistributor.java, moduleVersion=null, nativeMethod=false, moduleName=null, methodName=startSession, className=org.openqa.selenium.grid.distributor.local.LocalDistributor, lineNumber=658, classLoaderName=app}, {fileName=LocalDistributor.java, moduleVersion=null, nativeMethod=false, moduleName=null, methodName=newSession, className=org.openqa.selenium.grid.distributor.local.LocalDistributor, lineNumber=577, classLoaderName=app}, {fileName=LocalDistributor.java, moduleVersion=null, nativeMethod=false, moduleName=null, methodName=handleNewSessionRequest, className=org.openqa.selenium.grid.distributor.local.LocalDistributor$NewSessionRunnable, lineNumber=841, classLoaderName=app}, {fileName=LocalDistributor.java, moduleVersion=null, nativeMethod=false, moduleName=null, methodName=lambda$run$1, className=org.openqa.selenium.grid.distributor.local.LocalDistributor$NewSessionRunnable, lineNumber=798, classLoaderName=app}, {fileName=ThreadPoolExecutor.java, moduleVersion=17.0.12, nativeMethod=false, moduleName=java.base, methodName=runWorker, className=java.util.concurrent.ThreadPoolExecutor, lineNumber=1136, classLoaderName=null}, {fileName=ThreadPoolExecutor.java, moduleVersion=17.0.12, nativeMethod=false, moduleName=java.base, methodName=run, className=java.util.concurrent.ThreadPoolExecutor$Worker, lineNumber=635, classLoaderName=null}, {fileName=Thread.java, moduleVersion=17.0.12, nativeMethod=false, moduleName=java.base, methodName=run, className=java.lang.Thread, lineNumber=842, classLoaderName=null}]">
      <![CDATA[org.openqa.selenium.SessionNotCreatedException: Could not start a new session. Error while creating session with the driver service. Unable to obtain: chromedriver, error Command failed with code: 65, executed: [--browser, , --language-binding, java, --output, json]
You need to specify a browser or driver
Build info: version: '4.27.0', revision: 'd6e718d'
System info: os.name: 'Windows 10', os.arch: 'amd64', os.version: '10.0', java.version: '17.0.12'
Driver info: driver.version: unknown 
Host info: host: 'CILPLAP00068', ip: '172.23.32.1'
Build info: version: '4.27.0', revision: 'd6e718d'
System info: os.name: 'Windows 10', os.arch: 'amd64', os.version: '10.0', java.version: '17.0.12'
Driver info: driver.version: unknown
Build info: version: '3.141.59', revision: 'e82be7d358', time: '2018-11-14T08:17:03'
System info: host: 'CILPLAP00068', ip: '172.23.32.1', os.name: 'Windows 10', os.arch: 'amd64', os.version: '10.0', java.version: '17.0.9'
Driver info: driver.version: RemoteWebDriver
remote stacktrace: [{fileName=DriverServiceSessionFactory.java, moduleVersion=null, nativeMethod=false, moduleName=null, methodName=apply, className=org.openqa.selenium.grid.node.config.DriverServiceSessionFactory, lineNumber=240, classLoaderName=app}, {fileName=DriverServiceSessionFactory.java, moduleVersion=null, nativeMethod=false, moduleName=null, methodName=apply, className=org.openqa.selenium.grid.node.config.DriverServiceSessionFactory, lineNumber=71, classLoaderName=app}, {fileName=SessionSlot.java, moduleVersion=null, nativeMethod=false, moduleName=null, methodName=apply, className=org.openqa.selenium.grid.node.local.SessionSlot, lineNumber=151, classLoaderName=app}, {fileName=LocalNode.java, moduleVersion=null, nativeMethod=false, moduleName=null, methodName=newSession, className=org.openqa.selenium.grid.node.local.LocalNode, lineNumber=503, classLoaderName=app}, {fileName=LocalDistributor.java, moduleVersion=null, nativeMethod=false, moduleName=null, methodName=startSession, className=org.openqa.selenium.grid.distributor.local.LocalDistributor, lineNumber=658, classLoaderName=app}, {fileName=LocalDistributor.java, moduleVersion=null, nativeMethod=false, moduleName=null, methodName=newSession, className=org.openqa.selenium.grid.distributor.local.LocalDistributor, lineNumber=577, classLoaderName=app}, {fileName=LocalDistributor.java, moduleVersion=null, nativeMethod=false, moduleName=null, methodName=handleNewSessionRequest, className=org.openqa.selenium.grid.distributor.local.LocalDistributor$NewSessionRunnable, lineNumber=841, classLoaderName=app}, {fileName=LocalDistributor.java, moduleVersion=null, nativeMethod=false, moduleName=null, methodName=lambda$run$1, className=org.openqa.selenium.grid.distributor.local.LocalDistributor$NewSessionRunnable, lineNumber=798, classLoaderName=app}, {fileName=ThreadPoolExecutor.java, moduleVersion=17.0.12, nativeMethod=false, moduleName=java.base, methodName=runWorker, className=java.util.concurrent.ThreadPoolExecutor, lineNumber=1136, classLoaderName=null}, {fileName=ThreadPoolExecutor.java, moduleVersion=17.0.12, nativeMethod=false, moduleName=java.base, methodName=run, className=java.util.concurrent.ThreadPoolExecutor$Worker, lineNumber=635, classLoaderName=null}, {fileName=Thread.java, moduleVersion=17.0.12, nativeMethod=false, moduleName=java.base, methodName=run, className=java.lang.Thread, lineNumber=842, classLoaderName=null}]
at org.openqa.selenium.remote.W3CHandshakeResponse.lambda$errorHandler$0(W3CHandshakeResponse.java:62)
at org.openqa.selenium.remote.HandshakeResponse.lambda$getResponseFunction$0(HandshakeResponse.java:30)
at org.openqa.selenium.remote.ProtocolHandshake.lambda$createSession$0(ProtocolHandshake.java:126)
at java.base/java.util.stream.ReferencePipeline$3$1.accept(ReferencePipeline.java:197)
at java.base/java.util.Spliterators$ArraySpliterator.tryAdvance(Spliterators.java:1002)
at java.base/java.util.stream.ReferencePipeline.forEachWithCancel(ReferencePipeline.java:129)
at java.base/java.util.stream.AbstractPipeline.copyIntoWithCancel(AbstractPipeline.java:527)
at java.base/java.util.stream.AbstractPipeline.copyInto(AbstractPipeline.java:513)
at java.base/java.util.stream.AbstractPipeline.wrapAndCopyInto(AbstractPipeline.java:499)
at java.base/java.util.stream.FindOps$FindOp.evaluateSequential(FindOps.java:150)
at java.base/java.util.stream.AbstractPipeline.evaluate(AbstractPipeline.java:234)
at java.base/java.util.stream.ReferencePipeline.findFirst(ReferencePipeline.java:647)
at org.openqa.selenium.remote.ProtocolHandshake.createSession(ProtocolHandshake.java:128)
at org.openqa.selenium.remote.ProtocolHandshake.createSession(ProtocolHandshake.java:74)
at org.openqa.selenium.remote.HttpCommandExecutor.execute(HttpCommandExecutor.java:136)
at org.openqa.selenium.remote.RemoteWebDriver.execute(RemoteWebDriver.java:552)
at org.openqa.selenium.remote.RemoteWebDriver.startSession(RemoteWebDriver.java:213)
at org.openqa.selenium.remote.RemoteWebDriver.<init>(RemoteWebDriver.java:131)
at org.openqa.selenium.remote.RemoteWebDriver.<init>(RemoteWebDriver.java:144)
at testbase.BaseClass.SetUp(BaseClass.java:41)
at java.base/java.util.ArrayList.forEach(ArrayList.java:1511)
at java.base/java.util.concurrent.FutureTask.run(FutureTask.java:264)
at java.base/java.util.concurrent.ThreadPoolExecutor.runWorker(ThreadPoolExecutor.java:1136)
at java.base/java.util.concurrent.ThreadPoolExecutor$Worker.run(ThreadPoolExecutor.java:635)
at java.base/java.lang.Thread.run(Thread.java:840)
... Removed 20 stack frames]]>
    </failure>
  </testcase> <!-- @BeforeClass SetUp -->
  <testcase classname="Ciber_PIC_Automation.Captiv.CreateStageProspect" name="createOrganization" time="0.0">
    <skipped/>
  </testcase> <!-- createOrganization -->
</testsuite> <!-- edgetest -->
