<?xml version="1.0" encoding="UTF-8"?>
<!-- Generated by org.testng.reporters.JUnitXMLReporter -->
<testsuite ignored="0" hostname="CILPLAP00068" failures="1" tests="1" name="Test" time="67.595" errors="0" timestamp="2024-10-12T17:07:51 IST">
  <testcase classname="Ciber_PIC_Automation.Captiv.AppTest" name="createOrganization" time="67.546">
    <failure type="java.lang.NullPointerException" message="inStream parameter is null">
      <![CDATA[java.lang.NullPointerException: inStream parameter is null
at java.base/java.util.Objects.requireNonNull(Objects.java:233)
at java.base/java.util.Properties.load(Properties.java:407)
at Ciber_PIC_Automation.Captiv.MPSUPropertyFileRead.FileRead(MPSUPropertyFileRead.java:33)
at Ciber_PIC_Automation.Captiv.AppTest.createOrganization(AppTest.java:153)
at java.base/java.util.ArrayList.forEach(ArrayList.java:1511)
... Removed 31 stack frames]]>
    </failure>
  </testcase> <!-- createOrganization -->
</testsuite> <!-- Test -->
