<?xml version="1.0" encoding="UTF-8"?>
<testng-results ignored="0" total="1" passed="1" failed="0" skipped="0">
  <reporter-output>
  </reporter-output>
  <suite started-at="2024-10-12T22:29:58 IST" name="Suite" finished-at="2024-10-12T22:33:00 IST" duration-ms="182602">
    <groups>
    </groups>
    <test started-at="2024-10-12T22:29:58 IST" name="Test" finished-at="2024-10-12T22:33:00 IST" duration-ms="182602">
      <class name="Ciber_PIC_Automation.Captiv.AppTest">
        <test-method signature="createOrganization()[pri:0, instance:Ciber_PIC_Automation.Captiv.AppTest@cd3fee8]" started-at="2024-10-12T22:29:58 IST" name="createOrganization" finished-at="2024-10-12T22:33:00 IST" duration-ms="182567" status="PASS">
          <reporter-output>
          </reporter-output>
        </test-method> <!-- createOrganization -->
      </class> <!-- Ciber_PIC_Automation.Captiv.AppTest -->
    </test> <!-- Test -->
  </suite> <!-- Suite -->
</testng-results>
