<?xml version="1.0" encoding="UTF-8"?>
<testng-results ignored="0" total="1" passed="1" failed="0" skipped="0">
  <reporter-output>
  </reporter-output>
  <suite started-at="2024-10-11T00:48:49 IST" name="Default suite" finished-at="2024-10-11T00:51:48 IST" duration-ms="179359">
    <groups>
    </groups>
    <test started-at="2024-10-11T00:48:49 IST" name="Default test" finished-at="2024-10-11T00:51:48 IST" duration-ms="179359">
      <class name="Ciber_PIC_Automation.Captiv.AppTest">
        <test-method signature="createOrganization()[pri:0, instance:Ciber_PIC_Automation.Captiv.AppTest@2ddc9a9f]" started-at="2024-10-11T00:48:49 IST" name="createOrganization" finished-at="2024-10-11T00:51:48 IST" duration-ms="179317" status="PASS">
          <reporter-output>
          </reporter-output>
        </test-method> <!-- createOrganization -->
      </class> <!-- Ciber_PIC_Automation.Captiv.AppTest -->
    </test> <!-- Default test -->
  </suite> <!-- Default suite -->
</testng-results>
